{
    "id": "dbpedia_4560_0",
    "rank": 74,
    "data": {
        "url": "https://github.com/mrousavy/react-native-mmkv/issues/162",
        "read_more_link": "",
        "language": "en",
        "title": "Android Studio Build Failed. · Issue #162 · mrousavy/react-native-mmkv",
        "top_image": "https://opengraph.githubassets.com/28eaf23cf8846a05aee90e4d365be0405c1ade638b2fa492c6237e422403b4a7/mrousavy/react-native-mmkv/issues/162",
        "meta_img": "https://opengraph.githubassets.com/28eaf23cf8846a05aee90e4d365be0405c1ade638b2fa492c6237e422403b4a7/mrousavy/react-native-mmkv/issues/162",
        "images": [
            "https://avatars.githubusercontent.com/u/32291278?s=80&v=4",
            "https://avatars.githubusercontent.com/u/15199031?s=80&u=5a82dcb32237282ff576c0446567a1e2fe49b868&v=4",
            "https://avatars.githubusercontent.com/u/32291278?s=80&v=4",
            "https://avatars.githubusercontent.com/u/15199031?s=80&u=5a82dcb32237282ff576c0446567a1e2fe49b868&v=4",
            "https://avatars.githubusercontent.com/u/32291278?s=80&v=4",
            "https://avatars.githubusercontent.com/u/1641263?s=80&u=087a1c7e07135dcb079c29898d33a953602d875f&v=4",
            "https://avatars.githubusercontent.com/u/10563314?s=80&u=a1284f1bebcd3dd7757590b9971f3b615e91b554&v=4",
            "https://avatars.githubusercontent.com/u/15199031?s=80&u=5a82dcb32237282ff576c0446567a1e2fe49b868&v=4",
            "https://avatars.githubusercontent.com/u/10563314?s=80&u=a1284f1bebcd3dd7757590b9971f3b615e91b554&v=4",
            "https://avatars.githubusercontent.com/u/4579020?s=80&u=d9141fa5352f71d9702859a0ceb155e24016ca88&v=4",
            "https://avatars.githubusercontent.com/u/15199031?s=80&u=5a82dcb32237282ff576c0446567a1e2fe49b868&v=4",
            "https://avatars.githubusercontent.com/u/4579020?s=40&u=d9141fa5352f71d9702859a0ceb155e24016ca88&v=4",
            "https://avatars.githubusercontent.com/u/43140758?s=40&v=4",
            "https://avatars.githubusercontent.com/u/13509049?s=80&u=a4a81dcf0799ff53d6df1504d8912bfb984154d7&v=4",
            "https://avatars.githubusercontent.com/u/920130?s=80&u=1fcc908c5bd568891493efd062b09083357c6f35&v=4",
            "https://avatars.githubusercontent.com/u/16835989?s=80&u=2a1edcbfd30e3f4da7c6d62df55e3d18f5482925&v=4",
            "https://avatars.githubusercontent.com/u/16835989?s=80&u=2a1edcbfd30e3f4da7c6d62df55e3d18f5482925&v=4",
            "https://avatars.githubusercontent.com/u/15199031?s=80&u=5a82dcb32237282ff576c0446567a1e2fe49b868&v=4",
            "https://avatars.githubusercontent.com/u/15199031?s=40&u=5a82dcb32237282ff576c0446567a1e2fe49b868&v=4",
            "https://avatars.githubusercontent.com/u/15199031?s=80&u=5a82dcb32237282ff576c0446567a1e2fe49b868&v=4",
            "https://avatars.githubusercontent.com/u/21963291?s=80&u=b246c13b0ae402932a25201d433e96a418909e46&v=4",
            "https://avatars.githubusercontent.com/u/15199031?s=80&u=5a82dcb32237282ff576c0446567a1e2fe49b868&v=4",
            "https://avatars.githubusercontent.com/u/920130?s=52&v=4",
            "https://avatars.githubusercontent.com/u/1641263?s=52&v=4",
            "https://avatars.githubusercontent.com/u/4579020?s=52&v=4",
            "https://avatars.githubusercontent.com/u/10563314?s=52&v=4",
            "https://avatars.githubusercontent.com/u/13509049?s=52&v=4",
            "https://avatars.githubusercontent.com/u/15199031?s=52&v=4",
            "https://avatars.githubusercontent.com/u/16835989?s=52&v=4",
            "https://avatars.githubusercontent.com/u/21963291?s=52&v=4",
            "https://avatars.githubusercontent.com/u/32291278?s=52&v=4"
        ],
        "movies": [],
        "keywords": [],
        "meta_keywords": [
            ""
        ],
        "tags": null,
        "authors": [],
        "publish_date": null,
        "summary": "",
        "meta_description": "Hello I am getting this error when I try to build in Android Studio. Error while executing process E:\\AndroidStudioSDK\\cmake\\3.10.2.4988404\\bin\\ninja.exe with arguments {-C C:\\Users\\The Clone Trooper\\Desktop\\MyApp\\Git\\node_modules\\react-...",
        "meta_lang": "en",
        "meta_favicon": "https://github.com/fluidicon.png",
        "meta_site_name": "GitHub",
        "canonical_link": "https://github.com/mrousavy/react-native-mmkv/issues/162",
        "text": "C:\\Users\\The Clone Trooper\\Desktop\\MyApp\\Git>react-native run-android --variant devDebug --appIdSuffix dev info Running jetifier to migrate libraries to AndroidX. You can disable it using \"--no-jetifier\" flag. (node:18612) Warning: Accessing non-existent property 'padLevels' of module exports inside circular dependency (Use `node --trace-warnings ...` to show where the warning was created) Jetifier found 1686 file(s) to forward-jetify. Using 8 workers... info Starting JS server... info Installing the app... > Configure project :app Installing unimodules: unimodules-core@7.1.2 from C:\\Users\\The Clone Trooper\\Desktop\\MyApp\\Git\\node_modules\\@unimodules\\core unimodules-react-native-adapter@6.3.7 from C:\\Users\\The Clone Trooper\\Desktop\\MyApp\\Git\\node_modules\\@unimodules\\react-native-adapter expo-application@3.2.0 from C:\\Users\\The Clone Trooper\\Desktop\\MyApp\\Git\\node_modules\\expo-application expo-constants@11.0.2 from C:\\Users\\The Clone Trooper\\Desktop\\MyApp\\Git\\node_modules\\expo-constants expo-device@3.3.0 from C:\\Users\\The Clone Trooper\\Desktop\\MyApp\\Git\\node_modules\\expo-device expo-error-recovery@2.2.0 from C:\\Users\\The Clone Trooper\\Desktop\\MyApp\\Git\\node_modules\\expo-error-recovery expo-file-system@11.1.3 from C:\\Users\\The Clone Trooper\\Desktop\\MyApp\\Git\\node_modules\\expo-file-system expo-font@9.2.1 from C:\\Users\\The Clone Trooper\\Desktop\\MyApp\\Git\\node_modules\\expo-font expo-haptics@10.1.0 from C:\\Users\\The Clone Trooper\\Desktop\\MyApp\\Git\\node_modules\\expo-haptics expo-image-loader@2.2.0 from C:\\Users\\The Clone Trooper\\Desktop\\MyApp\\Git\\node_modules\\expo-image-loader expo-image-manipulator@9.2.2 from C:\\Users\\The Clone Trooper\\Desktop\\MyApp\\Git\\node_modules\\expo-image-manipulator expo-image-picker@10.2.3 from C:\\Users\\The Clone Trooper\\Desktop\\MyApp\\Git\\node_modules\\expo-image-picker expo-keep-awake@9.2.0 from C:\\Users\\The Clone Trooper\\Desktop\\MyApp\\Git\\node_modules\\expo-keep-awake expo-location@12.1.2 from C:\\Users\\The Clone Trooper\\Desktop\\MyApp\\Git\\node_modules\\expo-location expo-modules-core@0.2.0 from C:\\Users\\The Clone Trooper\\Desktop\\MyApp\\Git\\node_modules\\expo-modules-core expo-notifications@0.12.3 from C:\\Users\\The Clone Trooper\\Desktop\\MyApp\\Git\\node_modules\\expo-notifications expo-permissions@12.1.1 from C:\\Users\\The Clone Trooper\\Desktop\\MyApp\\Git\\node_modules\\expo-permissions expo-splash-screen@0.11.4 from C:\\Users\\The Clone Trooper\\Desktop\\MyApp\\Git\\node_modules\\expo-splash-screen expo-store-review@4.1.0 from C:\\Users\\The Clone Trooper\\Desktop\\MyApp\\Git\\node_modules\\expo-store-review expo-structured-headers@1.1.1 from C:\\Users\\The Clone Trooper\\Desktop\\MyApp\\Git\\node_modules\\expo-structured-headers expo-updates-interface@0.2.2 from C:\\Users\\The Clone Trooper\\Desktop\\MyApp\\Git\\node_modules\\expo-updates-interface expo-updates@0.8.5 from C:\\Users\\The Clone Trooper\\Desktop\\MyApp\\Git\\node_modules\\expo-updates expo-web-browser@9.2.0 from C:\\Users\\The Clone Trooper\\Desktop\\MyApp\\Git\\node_modules\\expo-web-browser unimodules-app-loader@2.2.0 from C:\\Users\\The Clone Trooper\\Desktop\\MyApp\\Git\\node_modules\\unimodules-app-loader unimodules-task-manager-interface@6.2.0 from C:\\Users\\The Clone Trooper\\Desktop\\MyApp\\Git\\node_modules\\unimodules-task-manager-interface Found some duplicated unimodule packages. Installed the ones with the highest version number. Make sure following dependencies of your project are resolving to one specific version: expo-constants Crashlytics could not find NDK build tasks on which to depend. You many need to manually enforce task dependencies for generateCrashlyticsSymbolFileDevRelease Crashlytics could not find NDK build tasks on which to depend. You many need to manually enforce task dependencies for generateCrashlyticsSymbolFileProdRelease > Configure project :expo-structured-headers Warning: The 'kotlin-android-extensions' Gradle plugin is deprecated. Please use this migration guide (https://goo.gle/kotlin-android-extensions-deprecation) to start working with View Binding (https://developer.android.com/topic/libraries/view-binding) and the 'kotlin-parcelize' plugin. > Configure project :react-native-firebase_analytics :react-native-firebase_analytics package.json found at C:\\Users\\The Clone Trooper\\Desktop\\MyApp\\Git\\node_modules\\@react-native-firebase\\analytics\\package.json :react-native-firebase_app package.json found at C:\\Users\\The Clone Trooper\\Desktop\\MyApp\\Git\\node_modules\\@react-native-firebase\\app\\package.json :react-native-firebase_analytics:firebase.bom using default value: 26.8.0 :react-native-firebase_analytics package.json found at C:\\Users\\The Clone Trooper\\Desktop\\MyApp\\Git\\node_modules\\@react-native-firebase\\analytics\\package.json :react-native-firebase_analytics:version set from package.json: 11.5.0 (11,5,0 - 11005000) :react-native-firebase_analytics:android.compileSdk using custom value: 30 :react-native-firebase_analytics:android.targetSdk using custom value: 30 :react-native-firebase_analytics:android.minSdk using custom value: 24 :react-native-firebase_analytics:reactNativeAndroidDir C:\\Users\\The Clone Trooper\\Desktop\\MyApp\\Git\\node_modules\\react-native\\android > Configure project :react-native-firebase_app :react-native-firebase_app package.json found at C:\\Users\\The Clone Trooper\\Desktop\\MyApp\\Git\\node_modules\\@react-native-firebase\\app\\package.json :react-native-firebase_app:firebase.bom using default value: 26.8.0 :react-native-firebase_app:play.play-services-auth using default value: 19.0.0 :react-native-firebase_app package.json found at C:\\Users\\The Clone Trooper\\Desktop\\MyApp\\Git\\node_modules\\@react-native-firebase\\app\\package.json :react-native-firebase_app:version set from package.json: 11.5.0 (11,5,0 - 11005000) :react-native-firebase_app:android.compileSdk using custom value: 30 :react-native-firebase_app:android.targetSdk using custom value: 30 :react-native-firebase_app:android.minSdk using custom value: 24 :react-native-firebase_app:reactNativeAndroidDir C:\\Users\\The Clone Trooper\\Desktop\\MyApp\\Git\\node_modules\\react-native\\android > Configure project :react-native-firebase_auth :react-native-firebase_auth package.json found at C:\\Users\\The Clone Trooper\\Desktop\\MyApp\\Git\\node_modules\\@react-native-firebase\\auth\\package.json :react-native-firebase_app package.json found at C:\\Users\\The Clone Trooper\\Desktop\\MyApp\\Git\\node_modules\\@react-native-firebase\\app\\package.json :react-native-firebase_auth:firebase.bom using default value: 26.8.0 :react-native-firebase_auth package.json found at C:\\Users\\The Clone Trooper\\Desktop\\MyApp\\Git\\node_modules\\@react-native-firebase\\auth\\package.json :react-native-firebase_auth:version set from package.json: 11.5.0 (11,5,0 - 11005000) :react-native-firebase_auth:android.compileSdk using custom value: 30 :react-native-firebase_auth:android.targetSdk using custom value: 30 :react-native-firebase_auth:android.minSdk using custom value: 24 :react-native-firebase_auth:reactNativeAndroidDir C:\\Users\\The Clone Trooper\\Desktop\\MyApp\\Git\\node_modules\\react-native\\android > Configure project :react-native-firebase_crashlytics :react-native-firebase_crashlytics package.json found at C:\\Users\\The Clone Trooper\\Desktop\\MyApp\\Git\\node_modules\\@react-native-firebase\\crashlytics\\package.json :react-native-firebase_app package.json found at C:\\Users\\The Clone Trooper\\Desktop\\MyApp\\Git\\node_modules\\@react-native-firebase\\app\\package.json :react-native-firebase_crashlytics:firebase.bom using default value: 26.8.0 :react-native-firebase_crashlytics package.json found at C:\\Users\\The Clone Trooper\\Desktop\\MyApp\\Git\\node_modules\\@react-native-firebase\\crashlytics\\package.json :react-native-firebase_crashlytics:version set from package.json: 11.5.0 (11,5,0 - 11005000) :react-native-firebase_crashlytics:android.compileSdk using custom value: 30 :react-native-firebase_crashlytics:android.targetSdk using custom value: 30 :react-native-firebase_crashlytics:android.minSdk using custom value: 24 :react-native-firebase_crashlytics:reactNativeAndroidDir C:\\Users\\The Clone Trooper\\Desktop\\MyApp\\Git\\node_modules\\react-native\\android > Configure project :react-native-firebase_database :react-native-firebase_database package.json found at C:\\Users\\The Clone Trooper\\Desktop\\MyApp\\Git\\node_modules\\@react-native-firebase\\database\\package.json :react-native-firebase_app package.json found at C:\\Users\\The Clone Trooper\\Desktop\\MyApp\\Git\\node_modules\\@react-native-firebase\\app\\package.json :react-native-firebase_database:firebase.bom using default value: 26.8.0 :react-native-firebase_database package.json found at C:\\Users\\The Clone Trooper\\Desktop\\MyApp\\Git\\node_modules\\@react-native-firebase\\database\\package.json :react-native-firebase_database:version set from package.json: 11.5.0 (11,5,0 - 11005000) :react-native-firebase_database:android.compileSdk using custom value: 30 :react-native-firebase_database:android.targetSdk using custom value: 30 :react-native-firebase_database:android.minSdk using custom value: 24 :react-native-firebase_database:reactNativeAndroidDir C:\\Users\\The Clone Trooper\\Desktop\\MyApp\\Git\\node_modules\\react-native\\android > Configure project :react-native-firebase_dynamic-links :react-native-firebase_dynamic-links package.json found at C:\\Users\\The Clone Trooper\\Desktop\\MyApp\\Git\\node_modules\\@react-native-firebase\\dynamic-links\\package.json :react-native-firebase_app package.json found at C:\\Users\\The Clone Trooper\\Desktop\\MyApp\\Git\\node_modules\\@react-native-firebase\\app\\package.json :react-native-firebase_dynamic-links:firebase.bom using default value: 26.8.0 :react-native-firebase_dynamic-links package.json found at C:\\Users\\The Clone Trooper\\Desktop\\MyApp\\Git\\node_modules\\@react-native-firebase\\dynamic-links\\package.json :react-native-firebase_dynamic-links:version set from package.json: 11.5.0 (11,5,0 - 11005000) :react-native-firebase_dynamic-links:android.compileSdk using custom value: 30 :react-native-firebase_dynamic-links:android.targetSdk using custom value: 30 :react-native-firebase_dynamic-links:android.minSdk using custom value: 24 :react-native-firebase_dynamic-links:reactNativeAndroidDir C:\\Users\\The Clone Trooper\\Desktop\\MyApp\\Git\\node_modules\\react-native\\android > Configure project :react-native-firebase_functions :react-native-firebase_functions package.json found at C:\\Users\\The Clone Trooper\\Desktop\\MyApp\\Git\\node_modules\\@react-native-firebase\\functions\\package.json :react-native-firebase_app package.json found at C:\\Users\\The Clone Trooper\\Desktop\\MyApp\\Git\\node_modules\\@react-native-firebase\\app\\package.json :react-native-firebase_functions:firebase.bom using default value: 26.8.0 :react-native-firebase_functions package.json found at C:\\Users\\The Clone Trooper\\Desktop\\MyApp\\Git\\node_modules\\@react-native-firebase\\functions\\package.json :react-native-firebase_functions:version set from package.json: 11.5.0 (11,5,0 - 11005000) :react-native-firebase_functions:android.compileSdk using custom value: 30 :react-native-firebase_functions:android.targetSdk using custom value: 30 :react-native-firebase_functions:android.minSdk using custom value: 24 :react-native-firebase_functions:reactNativeAndroidDir C:\\Users\\The Clone Trooper\\Desktop\\MyApp\\Git\\node_modules\\react-native\\android > Configure project :react-native-firebase_perf :react-native-firebase_perf package.json found at C:\\Users\\The Clone Trooper\\Desktop\\MyApp\\Git\\node_modules\\@react-native-firebase\\perf\\package.json :react-native-firebase_app package.json found at C:\\Users\\The Clone Trooper\\Desktop\\MyApp\\Git\\node_modules\\@react-native-firebase\\app\\package.json :react-native-firebase_perf:firebase.bom using default value: 26.8.0 :react-native-firebase_perf package.json found at C:\\Users\\The Clone Trooper\\Desktop\\MyApp\\Git\\node_modules\\@react-native-firebase\\perf\\package.json :react-native-firebase_perf:version set from package.json: 11.5.0 (11,5,0 - 11005000) :react-native-firebase_perf:android.compileSdk using custom value: 30 :react-native-firebase_perf:android.targetSdk using custom value: 30 :react-native-firebase_perf:android.minSdk using custom value: 24 :react-native-firebase_perf:reactNativeAndroidDir C:\\Users\\The Clone Trooper\\Desktop\\MyApp\\Git\\node_modules\\react-native\\android > Configure project :react-native-firebase_remote-config :react-native-firebase_remote-config package.json found at C:\\Users\\The Clone Trooper\\Desktop\\MyApp\\Git\\node_modules\\@react-native-firebase\\remote-config\\package.json :react-native-firebase_app package.json found at C:\\Users\\The Clone Trooper\\Desktop\\MyApp\\Git\\node_modules\\@react-native-firebase\\app\\package.json :react-native-firebase_remote-config:firebase.bom using default value: 26.8.0 :react-native-firebase_remote-config package.json found at C:\\Users\\The Clone Trooper\\Desktop\\MyApp\\Git\\node_modules\\@react-native-firebase\\remote-config\\package.json :react-native-firebase_remote-config:version set from package.json: 11.5.0 (11,5,0 - 11005000) :react-native-firebase_remote-config:android.compileSdk using custom value: 30 :react-native-firebase_remote-config:android.targetSdk using custom value: 30 :react-native-firebase_remote-config:android.minSdk using custom value: 24 :react-native-firebase_remote-config:reactNativeAndroidDir C:\\Users\\The Clone Trooper\\Desktop\\MyApp\\Git\\node_modules\\react-native\\android > Configure project :react-native-firebase_storage :react-native-firebase_storage package.json found at C:\\Users\\The Clone Trooper\\Desktop\\MyApp\\Git\\node_modules\\@react-native-firebase\\storage\\package.json :react-native-firebase_app package.json found at C:\\Users\\The Clone Trooper\\Desktop\\MyApp\\Git\\node_modules\\@react-native-firebase\\app\\package.json :react-native-firebase_storage:firebase.bom using default value: 26.8.0 :react-native-firebase_storage package.json found at C:\\Users\\The Clone Trooper\\Desktop\\MyApp\\Git\\node_modules\\@react-native-firebase\\storage\\package.json :react-native-firebase_storage:version set from package.json: 11.5.0 (11,5,0 - 11005000) :react-native-firebase_storage:android.compileSdk using custom value: 30 :react-native-firebase_storage:android.targetSdk using custom value: 30 :react-native-firebase_storage:android.minSdk using custom value: 24 :react-native-firebase_storage:reactNativeAndroidDir C:\\Users\\The Clone Trooper\\Desktop\\MyApp\\Git\\node_modules\\react-native\\android > Task :expo-file-system:processDebugManifest C:\\Users\\The Clone Trooper\\Desktop\\MyApp\\Git\\node_modules\\expo-file-system\\android\\src\\main\\AndroidManifest.xml:8:9-10:20 Warning: provider#expo.modules.filesystem.FileSystemFileProvider@android:authorities was tagged at AndroidManifest.xml:8 to replace other declarations but no other declaration present > Task :app:processDevDebugMainManifest C:\\Users\\The Clone Trooper\\Desktop\\MyApp\\Git\\android\\app\\src\\debug\\AndroidManifest.xml:25:9-34:20 Warning: provider#expo.modules.filesystem.FileSystemFileProvider@android:authorities was tagged at AndroidManifest.xml:25 to replace other declarations but no other declaration present C:\\Users\\The Clone Trooper\\Desktop\\MyApp\\Git\\android\\app\\src\\debug\\AndroidManifest.xml:3:3-92 Warning: uses-permission#android.permission.READ_PHONE_STATE was tagged at AndroidManifest.xml:3 to remove other declarations but no other declaration present C:\\Users\\The Clone Trooper\\Desktop\\MyApp\\Git\\android\\app\\src\\debug\\AndroidManifest.xml:11:3-102 Warning: uses-permission#android.permission.ACCESS_BACKGROUND_LOCATION was tagged at AndroidManifest.xml:11 to remove other declarations but no other declaration present > Task :unimodules-core:compileDebugJavaWithJavac > Task :expo-updates-interface:compileDebugJavaWithJavac > Task :react-native-async-storage_async-storage:compileDebugJavaWithJavac > Task :expo-application:compileDebugJavaWithJavac > Task :expo-haptics:compileDebugJavaWithJavac > Task :expo-splash-screen:compileDebugKotlin w: C:\\Users\\The Clone Trooper\\Desktop\\MyApp\\Git\\node_modules\\expo-splash-screen\\android\\src\\main\\java\\expo\\modules\\splashscreen\\SplashScreenController.kt: (21, 25): 'constructor Handler()' is deprecated. Deprecated in Java w: C:\\Users\\The Clone Trooper\\Desktop\\MyApp\\Git\\node_modules\\expo-splash-screen\\android\\src\\main\\java\\expo\\modules\\splashscreen\\SplashScreenController.kt: (42, 5): Parameter 'failureCallback' is never used w: C:\\Users\\The Clone Trooper\\Desktop\\MyApp\\Git\\node_modules\\expo-splash-screen\\android\\src\\main\\java\\expo\\modules\\splashscreen\\singletons\\SplashScreenStatusBar.kt: (23, 27): 'replaceSystemWindowInsets(Int, Int, Int, Int): WindowInsets' is deprecated. Deprecated in Java w: C:\\Users\\The Clone Trooper\\Desktop\\MyApp\\Git\\node_modules\\expo-splash-screen\\android\\src\\main\\java\\expo\\modules\\splashscreen\\singletons\\SplashScreenStatusBar.kt: (24, 29): 'getter for systemWindowInsetLeft: Int' is deprecated. Deprecated in Java w: C:\\Users\\The Clone Trooper\\Desktop\\MyApp\\Git\\node_modules\\expo-splash-screen\\android\\src\\main\\java\\expo\\modules\\splashscreen\\singletons\\SplashScreenStatusBar.kt: (26, 29): 'getter for systemWindowInsetRight: Int' is deprecated. Deprecated in Java w: C:\\Users\\The Clone Trooper\\Desktop\\MyApp\\Git\\node_modules\\expo-splash-screen\\android\\src\\main\\java\\expo\\modules\\splashscreen\\singletons\\SplashScreenStatusBar.kt: (27, 29): 'getter for systemWindowInsetBottom: Int' is deprecated. Deprecated in Java > Task :expo-store-review:compileDebugKotlin w: C:\\Users\\The Clone Trooper\\Desktop\\MyApp\\Git\\node_modules\\expo-store-review\\android\\src\\main\\java\\expo\\modules\\storereview\\StoreReviewModule.kt: (48, 38): Name shadowed: task > Task :react-native-community_blur:compileDebugJavaWithJavac > Task :expo-updates:compileDebugKotlin w: C:\\Users\\The Clone Trooper\\Desktop\\MyApp\\Git\\node_modules\\expo-updates\\android\\src\\main\\java\\expo\\modules\\updates\\manifest\\LegacyManifest.kt: (35, 50): 'getRawJson(): JSONObject' is deprecated. Prefer to use specific field getters w: C:\\Users\\The Clone Trooper\\Desktop\\MyApp\\Git\\node_modules\\expo-updates\\android\\src\\main\\java\\expo\\modules\\updates\\manifest\\NewManifest.kt: (46, 47): 'getRawJson(): JSONObject' is deprecated. Prefer to use specific field getters w: C:\\Users\\The Clone Trooper\\Desktop\\MyApp\\Git\\node_modules\\expo-updates\\android\\src\\main\\java\\expo\\modules\\updates\\manifest\\raw\\RawManifest.kt: (26, 12): 'getRawJson(): JSONObject' is deprecated. Prefer to use specific field getters > Task :expo-updates:compileDebugJavaWithJavac The following annotation processors are not incremental: room-compiler-2.1.0.jar (androidx.room:room-compiler:2.1.0). Make sure all annotation processors are incremental to improve your build speed. > Task :react-native-community_masked-view:compileDebugJavaWithJavac > Task :react-native-device-info:compileDebugJavaWithJavac > Task :expo-constants:compileDebugJavaWithJavac > Task :expo-device:compileDebugJavaWithJavac > Task :expo-file-system:compileDebugJavaWithJavac > Task :expo-image-loader:compileDebugKotlin w: C:\\Users\\The Clone Trooper\\Desktop\\MyApp\\Git\\node_modules\\expo-image-loader\\android\\src\\main\\java\\expo\\modules\\imageloader\\ImageLoaderModule.kt: (6, 19): 'AsyncTask<Params : Any!, Progress : Any!, Result : Any!>' is deprecated. Deprecated in Java w: C:\\Users\\The Clone Trooper\\Desktop\\MyApp\\Git\\node_modules\\expo-image-loader\\android\\src\\main\\java\\expo\\modules\\imageloader\\ImageLoaderModule.kt: (11, 42): 'SimpleTarget<Z : Any!>' is deprecated. Deprecated in Java w: C:\\Users\\The Clone Trooper\\Desktop\\MyApp\\Git\\node_modules\\expo-image-loader\\android\\src\\main\\java\\expo\\modules\\imageloader\\ImageLoaderModule.kt: (60, 7): 'AsyncTask<Params : Any!, Progress : Any!, Result : Any!>' is deprecated. Deprecated in Java w: C:\\Users\\The Clone Trooper\\Desktop\\MyApp\\Git\\node_modules\\expo-image-loader\\android\\src\\main\\java\\expo\\modules\\imageloader\\ImageLoaderModule.kt: (60, 17): 'THREAD_POOL_EXECUTOR: Executor!' is deprecated. Deprecated in Java w: C:\\Users\\The Clone Trooper\\Desktop\\MyApp\\Git\\node_modules\\expo-image-loader\\android\\src\\main\\java\\expo\\modules\\imageloader\\ImageLoaderModule.kt: (82, 22): 'SimpleTarget<Z : Any!>' is deprecated. Deprecated in Java > Task :expo-image-picker:compileDebugKotlin w: C:\\Users\\The Clone Trooper\\Desktop\\MyApp\\Git\\node_modules\\expo-image-picker\\android\\src\\main\\java\\expo\\modules\\imagepicker\\ImagePickerConstants.kt: (97, 34): 'TAG_ISO_SPEED_RATINGS: String' is deprecated. Deprecated in Java w: C:\\Users\\The Clone Trooper\\Desktop\\MyApp\\Git\\node_modules\\expo-image-picker\\android\\src\\main\\java\\expo\\modules\\imagepicker\\ImagePickerModule.kt: (342, 123): 'execute(vararg Void?): AsyncTask<Void?, Void?, Void?>!' is deprecated. Deprecated in Java w: C:\\Users\\The Clone Trooper\\Desktop\\MyApp\\Git\\node_modules\\expo-image-picker\\android\\src\\main\\java\\expo\\modules\\imagepicker\\ImagePickerModule.kt: (371, 147): 'execute(vararg Void?): AsyncTask<Void?, Void?, Void?>!' is deprecated. Deprecated in Java w: C:\\Users\\The Clone Trooper\\Desktop\\MyApp\\Git\\node_modules\\expo-image-picker\\android\\src\\main\\java\\expo\\modules\\imagepicker\\ImagePickerModule.kt: (379, 119): 'execute(vararg Void?): AsyncTask<Void?, Void?, Void?>!' is deprecated. Deprecated in Java w: C:\\Users\\The Clone Trooper\\Desktop\\MyApp\\Git\\node_modules\\expo-image-picker\\android\\src\\main\\java\\expo\\modules\\imagepicker\\tasks\\ImageResultTask.kt: (5, 19): 'AsyncTask<Params : Any!, Progress : Any!, Result : Any!>' is deprecated. Deprecated in Java w: C:\\Users\\The Clone Trooper\\Desktop\\MyApp\\Git\\node_modules\\expo-image-picker\\android\\src\\main\\java\\expo\\modules\\imagepicker\\tasks\\ImageResultTask.kt: (26, 3): 'AsyncTask<Params : Any!, Progress : Any!, Result : Any!>' is deprecated. Deprecated in Java w: C:\\Users\\The Clone Trooper\\Desktop\\MyApp\\Git\\node_modules\\expo-image-picker\\android\\src\\main\\java\\expo\\modules\\imagepicker\\tasks\\ImageResultTask.kt: (26, 3): 'constructor AsyncTask<Params : Any!, Progress : Any!, Result : Any!>()' is deprecated. Deprecated in Java w: C:\\Users\\The Clone Trooper\\Desktop\\MyApp\\Git\\node_modules\\expo-image-picker\\android\\src\\main\\java\\expo\\modules\\imagepicker\\tasks\\VideoResultTask.kt: (6, 19): 'AsyncTask<Params : Any!, Progress : Any!, Result : Any!>' is deprecated. Deprecated in Java w: C:\\Users\\The Clone Trooper\\Desktop\\MyApp\\Git\\node_modules\\expo-image-picker\\android\\src\\main\\java\\expo\\modules\\imagepicker\\tasks\\VideoResultTask.kt: (23, 3): 'AsyncTask<Params : Any!, Progress : Any!, Result : Any!>' is deprecated. Deprecated in Java w: C:\\Users\\The Clone Trooper\\Desktop\\MyApp\\Git\\node_modules\\expo-image-picker\\android\\src\\main\\java\\expo\\modules\\imagepicker\\tasks\\VideoResultTask.kt: (23, 3): 'constructor AsyncTask<Params : Any!, Progress : Any!, Result : Any!>()' is deprecated. Deprecated in Java > Task :expo-location:compileDebugJavaWithJavac > Task :expo-notifications:compileDebugKotlin w: C:\\Users\\The Clone Trooper\\Desktop\\MyApp\\Git\\node_modules\\expo-notifications\\android\\src\\main\\java\\expo\\modules\\notifications\\service\\delegates\\Base64Serialization.kt: (26, 45): Returning type parameter has been inferred to Nothing implicitly because Nothing is more specific than specified expected type. Please specify type arguments explicitly in accordance with expected type to hide this warning. Nothing can produce an exception at runtime. See KT-36776 for more details. w: C:\\Users\\The Clone Trooper\\Desktop\\MyApp\\Git\\node_modules\\expo-notifications\\android\\src\\main\\java\\expo\\modules\\notifications\\service\\delegates\\ExpoPresentationDelegate.kt: (176, 70): 'priority: Int' is deprecated. Deprecated in Java w: C:\\Users\\The Clone Trooper\\Desktop\\MyApp\\Git\\node_modules\\expo-notifications\\android\\src\\main\\java\\expo\\modules\\notifications\\service\\delegates\\ExpoPresentationDelegate.kt: (177, 41): 'vibrate: LongArray!' is deprecated. Deprecated in Java w: C:\\Users\\The Clone Trooper\\Desktop\\MyApp\\Git\\node_modules\\expo-notifications\\android\\src\\main\\java\\expo\\modules\\notifications\\service\\delegates\\ExpoPresentationDelegate.kt: (178, 30): 'sound: Uri!' is deprecated. Deprecated in Java w: C:\\Users\\The Clone Trooper\\Desktop\\MyApp\\Git\\node_modules\\expo-notifications\\android\\src\\main\\java\\expo\\modules\\notifications\\service\\delegates\\FirebaseMessagingDelegate.kt: (112, 30): Unnecessary safe call on a non-null receiver of type (Mutable)Map<String!, String!> > Task :expo-notifications:compileDebugJavaWithJavac > Task :react-native-firebase_app:compileDebugJavaWithJavac > Task :react-native-gesture-handler:compileDebugJavaWithJavac > Task :react-native-firebase_auth:compileDebugJavaWithJavac > Task :react-native-firebase_crashlytics:compileDebugJavaWithJavac > Task :react-native-firebase_database:compileDebugJavaWithJavac > Task :react-native-firebase_functions:compileDebugJavaWithJavac > Task :react-native-safe-area-context:compileDebugJavaWithJavac > Task :react-native-screens:compileDebugJavaWithJavac > Task :react-native-svg:compileDebugJavaWithJavac > Task :react-native-ui-lib:compileDebugJavaWithJavac > Task :react-native-vector-icons:compileDebugJavaWithJavac > Task :app:compileDevDebugJavaWithJavac > Task :react-native-mmkv:externalNativeBuildDebug Build reactnativemmkv_armeabi-v7a ninja: Entering directory `C:\\Users\\The Clone Trooper\\Desktop\\MyApp\\Git\\node_modules\\react-native-mmkv\\android\\.cxx\\cmake\\debug\\armeabi-v7a' [1/38] Building CXX object core/CMakeFiles/core.dir/MMKV_OSX.cpp.o [2/38] Building CXX object core/CMakeFiles/core.dir/CodedInputDataCrypt_OSX.cpp.o [3/38] Building CXX object core/CMakeFiles/core.dir/MMKVLog.cpp.o [4/38] Building CXX object core/CMakeFiles/core.dir/MMKVLog_Android.cpp.o [5/38] Building CXX object core/CMakeFiles/core.dir/CodedInputDataCrypt.cpp.o [6/38] Building CXX object CMakeFiles/reactnativemmkv.dir/src/main/cpp/cpp-adapter.cpp.o [7/38] Building CXX object core/CMakeFiles/core.dir/MMKV_Android.cpp.o [8/38] Building CXX object core/CMakeFiles/core.dir/MMKV.cpp.o [9/38] Building CXX object CMakeFiles/reactnativemmkv.dir/src/main/cpp/MmkvHostObject.cpp.o [10/38] Building CXX object core/CMakeFiles/core.dir/MMKV_IO.cpp.o [11/38] Building CXX object core/CMakeFiles/core.dir/CodedInputData_OSX.cpp.o [12/38] Building CXX object core/CMakeFiles/core.dir/CodedInputData.cpp.o [13/38] Building CXX object core/CMakeFiles/core.dir/MiniPBCoder.cpp.o [14/38] Building CXX object core/CMakeFiles/core.dir/KeyValueHolder.cpp.o [15/38] Building CXX object core/CMakeFiles/core.dir/PBUtility.cpp.o [16/38] Building CXX object core/CMakeFiles/core.dir/MMBuffer.cpp.o [17/38] Building CXX object core/CMakeFiles/core.dir/CodedOutputData.cpp.o [18/38] Building CXX object core/CMakeFiles/core.dir/MiniPBCoder_OSX.cpp.o [19/38] Building CXX object core/CMakeFiles/core.dir/InterProcessLock_Win32.cpp.o [20/38] Building CXX object core/CMakeFiles/core.dir/InterProcessLock_Android.cpp.o [21/38] Building CXX object core/CMakeFiles/core.dir/InterProcessLock.cpp.o [22/38] Building CXX object core/CMakeFiles/core.dir/MemoryFile.cpp.o [23/38] Building CXX object core/CMakeFiles/core.dir/MemoryFile_Win32.cpp.o [24/38] Building CXX object core/CMakeFiles/core.dir/MemoryFile_OSX.cpp.o [25/38] Building CXX object core/CMakeFiles/core.dir/MemoryFile_Android.cpp.o [26/38] Building CXX object core/CMakeFiles/core.dir/ThreadLock.cpp.o [27/38] Building CXX object core/CMakeFiles/core.dir/aes/openssl/openssl_aes_core.cpp.o [28/38] Building CXX object core/CMakeFiles/core.dir/aes/openssl/openssl_md5_one.cpp.o [29/38] Building CXX object core/CMakeFiles/core.dir/ThreadLock_Win32.cpp.o [30/38] Building CXX object core/CMakeFiles/core.dir/aes/openssl/openssl_md5_dgst.cpp.o [31/38] Building CXX object core/CMakeFiles/core.dir/aes/AESCrypt.cpp.o [32/38] Building CXX object core/CMakeFiles/core.dir/aes/openssl/openssl_cfb128.cpp.o [33/38] Building ASM object core/CMakeFiles/core.dir/aes/openssl/openssl_aesv8-armx.S.o [34/38] Building CXX object core/CMakeFiles/core.dir/crc32/crc32_armv8.cpp.o [35/38] Building ASM object core/CMakeFiles/core.dir/aes/openssl/openssl_aes-armv4.S.o [36/38] Building CXX object core/CMakeFiles/core.dir/crc32/zlib/crc32.cpp.o [37/38] Linking CXX static library core\\libcore.a [38/38] Linking CXX shared library ..\\..\\..\\..\\build\\intermediates\\cmake\\debug\\obj\\armeabi-v7a\\libreactnativemmkv.so FAILED: ../../../../build/intermediates/cmake/debug/obj/armeabi-v7a/libreactnativemmkv.so cmd.exe /C \"cd . && E:\\AndroidStudioSDK\\ndk\\21.1.6352462\\toolchains\\llvm\\prebuilt\\windows-x86_64\\bin\\clang++.exe --target=armv7-none-linux-androideabi21 --gcc-toolchain=E:/AndroidStudioSDK/ndk/21.1.6352462/toolchains/llvm/prebuilt/windows-x86_64 --sysroot=E:/AndroidStudioSDK/ndk/21.1.6352462/toolchains/llvm/prebuilt/windows-x86_64/sysroot -fPIC -g -DANDROID -fdata-sections -ffunction-sections -funwind-tables -fstack-protector-strong -no-canonical-prefixes -D_FORTIFY_SOURCE=2 -march=armv7-a -mthumb -Wformat -Werror=format-security -fexceptions -frtti -std=c++1y -DONANDROID -O0 -fno-limit-debug-info -Wl,--exclude-libs,libgcc.a -Wl,--exclude-libs,libgcc_real.a -Wl,--exclude-libs,libatomic.a -Wl,--build-id -Wl,--fatal-warnings -Wl,--exclude-libs,libunwind.a -Wl,--no-undefined -Qunused-arguments -shared -Wl,-soname,libreactnativemmkv.so -o ..\\..\\..\\..\\build\\intermediates\\cmake\\debug\\obj\\armeabi-v7a\\libreactnativemmkv.so CMakeFiles/reactnativemmkv.dir/src/main/cpp/cpp-adapter.cpp.o CMakeFiles/reactnativemmkv.dir/src/main/cpp/MmkvHostObject.cpp.o -LC:/Users/THECLO~1/Desktop/MyApp/Git/NODE_M~1/RE2E13~1/android/build/REACT-~1.AAR/jni/ARMEAB~1 core/libcore.a -llog -lreactnativejni -landroid E:/AndroidStudioSDK/ndk/21.1.6352462/toolchains/llvm/prebuilt/windows-x86_64/sysroot/usr/lib/arm-linux-androideabi/libz.a -latomic -lm && cd .\" ../../../../src/main/cpp/cpp-adapter.cpp:10: error: undefined reference to 'facebook::jsi::Value::asString(facebook::jsi::Runtime&) const &' ../../../../src/main/cpp/cpp-adapter.cpp:11: error: undefined reference to 'facebook::jsi::Value::~Value()' ../../../../src/main/cpp/cpp-adapter.cpp:11: error: undefined reference to 'facebook::jsi::Value::~Value()' ../../../../src/main/cpp/cpp-adapter.cpp:25: error: undefined reference to 'facebook::jsi::Value::asObject(facebook::jsi::Runtime&) const &' ../../../../../../../node_modules/react-native/ReactCommon/jsi\\jsi/jsi.h:1241: error: undefined reference to 'facebook::jsi::JSError::JSError(facebook::jsi::Runtime&, std::__ndk1::basic_string<char, std::__ndk1::char_traits<char>, std::__ndk1::allocator<char> >)' ../../../../../../../node_modules/react-native/ReactCommon/jsi\\jsi/jsi.h:940: error: undefined reference to 'facebook::jsi::Value::~Value()' ../../../../src/main/cpp/MmkvHostObject.h:16: error: undefined reference to 'facebook::jsi::HostObject::~HostObject()' ../../../../../../../node_modules/react-native/ReactCommon/jsi\\jsi/jsi-inl.h:112: error: undefined reference to 'facebook::jsi::Value::~Value()' ../../../../../../../node_modules/react-native/ReactCommon/jsi\\jsi/jsi-inl.h:112: error: undefined reference to 'facebook::jsi::Value::~Value()' ../../../../../../../node_modules/react-native/ReactCommon/jsi\\jsi/jsi.h:966: error: undefined reference to 'facebook::jsi::Value::~Value()' ../../../../src/main/cpp/MmkvHostObject.cpp:22: error: undefined reference to 'facebook::jsi::HostObject::~HostObject()' ../../../../../../../node_modules/react-native/ReactCommon/jsi\\jsi/jsi.h:0: error: undefined reference to 'vtable for facebook::jsi::HostObject' E:/AndroidStudioSDK/ndk/21.1.6352462/toolchains/llvm/prebuilt/windows-x86_64/lib/gcc/arm-linux-androideabi/4.9.x/../../../../arm-linux-androideabi/bin\\ld: the vtable symbol may be undefined because the class is missing its key function ../../../../../../../node_modules/react-native/ReactCommon/jsi\\jsi/jsi.h:940: error: undefined reference to 'facebook::jsi::Value::~Value()' ../../../../../../../node_modules/react-native/ReactCommon/jsi\\jsi/jsi.h:961: error: undefined reference to 'facebook::jsi::Value::~Value()' CMakeFiles/reactnativemmkv.dir/src/main/cpp/MmkvHostObject.cpp.o:MmkvHostObject.cpp:vtable for MmkvHostObject: error: undefined reference to 'facebook::jsi::HostObject::set(facebook::jsi::Runtime&, facebook::jsi::PropNameID const&, facebook::jsi::Value const&)' CMakeFiles/reactnativemmkv.dir/src/main/cpp/MmkvHostObject.cpp.o:MmkvHostObject.cpp:typeinfo for MmkvHostObject: error: undefined reference to 'typeinfo for facebook::jsi::HostObject' clang++: error: linker command failed with exit code 1 (use -v to see invocation) ninja: build stopped: subcommand failed. > Task :react-native-mmkv:externalNativeBuildDebug FAILED Deprecated Gradle features were used in this build, making it incompatible with Gradle 7.0. Use '--warning-mode all' to show the individual deprecation warnings. See https://docs.gradle.org/6.7/userguide/command_line_interface.html#sec:command_line_warnings 826 actionable tasks: 826 executed Warning: Mapping new ns http://schemas.android.com/repository/android/common/02 to old ns http://schemas.android.com/repository/android/common/01 Warning: Mapping new ns http://schemas.android.com/repository/android/generic/02 to old ns http://schemas.android.com/repository/android/generic/01 Warning: Mapping new ns http://schemas.android.com/sdk/android/repo/addon2/02 to old ns http://schemas.android.com/sdk/android/repo/addon2/01 Warning: Mapping new ns http://schemas.android.com/sdk/android/repo/repository2/02 to old ns http://schemas.android.com/sdk/android/repo/repository2/01 Warning: Mapping new ns http://schemas.android.com/sdk/android/repo/sys-img2/02 to old ns http://schemas.android.com/sdk/android/repo/sys-img2/01 Note: Some input files use unchecked or unsafe operations. Note: Recompile with -Xlint:unchecked for details. warning: [options] source value 7 is obsolete and will be removed in a future release warning: [options] target value 7 is obsolete and will be removed in a future release warning: [options] To suppress warnings about obsolete options, use -Xlint:-options. 3 warnings warning: [options] source value 7 is obsolete and will be removed in a future release warning: [options] target value 7 is obsolete and will be removed in a future release warning: [options] To suppress warnings about obsolete options, use -Xlint:-options. Note: C:\\Users\\The Clone Trooper\\Desktop\\MyApp\\Git\\node_modules\\@react-native-async-storage\\async-storage\\android\\src\\main\\java\\com\\reactnativecommunity\\asyncstorage\\AsyncStorageModule.java uses or overrides a deprecated API. Note: Recompile with -Xlint:deprecation for details. Note: C:\\Users\\The Clone Trooper\\Desktop\\MyApp\\Git\\node_modules\\@react-native-async-storage\\async-storage\\android\\src\\main\\java\\com\\reactnativecommunity\\asyncstorage\\AsyncStoragePackage.java uses unchecked or unsafe operations. Note: Recompile with -Xlint:unchecked for details. 3 warnings Note: C:\\Users\\The Clone Trooper\\Desktop\\MyApp\\Git\\node_modules\\expo-application\\android\\src\\main\\java\\expo\\modules\\application\\ApplicationModule.java uses or overrides a deprecated API. Note: Recompile with -Xlint:deprecation for details. Note: C:\\Users\\The Clone Trooper\\Desktop\\MyApp\\Git\\node_modules\\expo-haptics\\android\\src\\main\\java\\expo\\modules\\haptics\\HapticsModule.java uses or overrides a deprecated API. Note: Recompile with -Xlint:deprecation for details. warning: [options] source value 7 is obsolete and will be removed in a future release warning: [options] target value 7 is obsolete and will be removed in a future release warning: [options] To suppress warnings about obsolete options, use -Xlint:-options. 3 warnings Note: Some input files use or override a deprecated API. Note: Recompile with -Xlint:deprecation for details. Note: C:\\Users\\The Clone Trooper\\Desktop\\MyApp\\Git\\node_modules\\expo-updates\\android\\src\\main\\java\\expo\\modules\\updates\\UpdatesConfiguration.java uses unchecked or unsafe operations. Note: Recompile with -Xlint:unchecked for details. warning: [options] source value 7 is obsolete and will be removed in a future release warning: [options] target value 7 is obsolete and will be removed in a future release warning: [options] To suppress warnings about obsolete options, use -Xlint:-options. 3 warnings warning: [options] source value 7 is obsolete and will be removed in a future release warning: [options] target value 7 is obsolete and will be removed in a future release warning: [options] To suppress warnings about obsolete options, use -Xlint:-options. Note: Some input files use or override a deprecated API. Note: Recompile with -Xlint:deprecation for details. 3 warnings Note: C:\\Users\\The Clone Trooper\\Desktop\\MyApp\\Git\\node_modules\\expo-constants\\android\\src\\main\\java\\expo\\modules\\constants\\ConstantsService.java uses or overrides a deprecated API. Note: Recompile with -Xlint:deprecation for details. Note: C:\\Users\\The Clone Trooper\\Desktop\\MyApp\\Git\\node_modules\\expo-device\\android\\src\\main\\java\\expo\\modules\\device\\DeviceModule.java uses or overrides a deprecated API. Note: Recompile with -Xlint:deprecation for details. Note: C:\\Users\\The Clone Trooper\\Desktop\\MyApp\\Git\\node_modules\\expo-file-system\\android\\src\\main\\java\\expo\\modules\\filesystem\\FileSystemModule.java uses or overrides a deprecated API. Note: Recompile with -Xlint:deprecation for details. Note: C:\\Users\\The Clone Trooper\\Desktop\\MyApp\\Git\\node_modules\\expo-file-system\\android\\src\\main\\java\\expo\\modules\\filesystem\\FileSystemModule.java uses unchecked or unsafe operations. Note: Recompile with -Xlint:unchecked for details. Note: C:\\Users\\The Clone Trooper\\Desktop\\MyApp\\Git\\node_modules\\expo-location\\android\\src\\main\\java\\expo\\modules\\location\\utils\\TimeoutObject.java uses or overrides a deprecated API. Note: Recompile with -Xlint:deprecation for details. Note: C:\\Users\\The Clone Trooper\\Desktop\\MyApp\\Git\\node_modules\\expo-location\\android\\src\\main\\java\\expo\\modules\\location\\taskConsumers\\GeofencingTaskConsumer.java uses unchecked or unsafe operations. Note: Recompile with -Xlint:unchecked for details. Note: C:\\Users\\The Clone Trooper\\Desktop\\MyApp\\Git\\node_modules\\expo-notifications\\android\\src\\main\\java\\expo\\modules\\notifications\\notifications\\presentation\\builders\\ExpoNotificationBuilder.java uses or overrides a deprecated API. Note: Recompile with -Xlint:deprecation for details. Note: Some input files use unchecked or unsafe operations. Note: Recompile with -Xlint:unchecked for details. Note: Some input files use or override a deprecated API. Note: Recompile with -Xlint:deprecation for details. warning: [options] source value 7 is obsolete and will be removed in a future release warning: [options] target value 7 is obsolete and will be removed in a future release warning: [options] To suppress warnings about obsolete options, use -Xlint:-options. Note: Some input files use or override a deprecated API. Note: Recompile with -Xlint:deprecation for details. Note: Some input files use unchecked or unsafe operations. Note: Recompile with -Xlint:unchecked for details. 3 warnings Note: C:\\Users\\The Clone Trooper\\Desktop\\MyApp\\Git\\node_modules\\@react-native-firebase\\auth\\android\\src\\main\\java\\io\\invertase\\firebase\\auth\\ReactNativeFirebaseAuthModule.java uses or overrides a deprecated API. Note: Recompile with -Xlint:deprecation for details. Note: C:\\Users\\The Clone Trooper\\Desktop\\MyApp\\Git\\node_modules\\@react-native-firebase\\crashlytics\\android\\src\\main\\java\\io\\invertase\\firebase\\crashlytics\\ReactNativeFirebaseCrashlyticsModule.java uses or overrides a deprecated API. Note: Recompile with -Xlint:deprecation for details. Note: C:\\Users\\The Clone Trooper\\Desktop\\MyApp\\Git\\node_modules\\@react-native-firebase\\database\\android\\src\\reactnative\\java\\io\\invertase\\firebase\\database\\ReactNativeFirebaseDatabaseTransactionModule.java uses or overrides a deprecated API. Note: Recompile with -Xlint:deprecation for details. Note: C:\\Users\\The Clone Trooper\\Desktop\\MyApp\\Git\\node_modules\\@react-native-firebase\\database\\android\\src\\reactnative\\java\\io\\invertase\\firebase\\database\\ReactNativeFirebaseDatabaseCommon.java uses unchecked or unsafe operations. Note: Recompile with -Xlint:unchecked for details. Note: C:\\Users\\The Clone Trooper\\Desktop\\MyApp\\Git\\node_modules\\@react-native-firebase\\functions\\android\\src\\main\\java\\io\\invertase\\firebase\\functions\\UniversalFirebaseFunctionsModule.java uses or overrides a deprecated API. Note: Recompile with -Xlint:deprecation for details. warning: [options] source value 7 is obsolete and will be removed in a future release warning: [options] target value 7 is obsolete and will be removed in a future release warning: [options] To suppress warnings about obsolete options, use -Xlint:-options. Note: C:\\Users\\The Clone Trooper\\Desktop\\MyApp\\Git\\node_modules\\react-native-safe-area-context\\android\\src\\main\\java\\com\\th3rdwave\\safeareacontext\\SafeAreaUtils.java uses or overrides a deprecated API. Note: Recompile with -Xlint:deprecation for details. 3 warnings warning: [options] source value 7 is obsolete and will be removed in a future release warning: [options] target value 7 is obsolete and will be removed in a future release warning: [options] To suppress warnings about obsolete options, use -Xlint:-options. Note: Some input files use or override a deprecated API. Note: Recompile with -Xlint:deprecation for details. Note: Some input files use unchecked or unsafe operations. Note: Recompile with -Xlint:unchecked for details. 3 warnings warning: [options] source value 7 is obsolete and will be removed in a future release warning: [options] target value 7 is obsolete and will be removed in a future release warning: [options] To suppress warnings about obsolete options, use -Xlint:-options. 3 warnings warning: [options] source value 7 is obsolete and will be removed in a future release warning: [options] target value 7 is obsolete and will be removed in a future release warning: [options] To suppress warnings about obsolete options, use -Xlint:-options. Note: Some input files use or override a deprecated API. Note: Recompile with -Xlint:deprecation for details. Note: Some input files use unchecked or unsafe operations. Note: Recompile with -Xlint:unchecked for details. 3 warnings warning: [options] source value 7 is obsolete and will be removed in a future release warning: [options] target value 7 is obsolete and will be removed in a future release warning: [options] To suppress warnings about obsolete options, use -Xlint:-options. 3 warnings Note: C:\\Users\\The Clone Trooper\\Desktop\\MyApp\\Git\\android\\app\\src\\debug\\java\\com\\MyApp\\ReactNativeFlipper.java uses or overrides a deprecated API. Note: Recompile with -Xlint:deprecation for details. FAILURE: Build failed with an exception. * What went wrong: Execution failed for task ':react-native-mmkv:externalNativeBuildDebug'. > Build command failed. Error while executing process E:\\AndroidStudioSDK\\cmake\\3.10.2.4988404\\bin\\ninja.exe with arguments {-C C:\\Users\\The Clone Trooper\\Desktop\\MyApp\\Git\\node_modules\\react-native-mmkv\\android\\.cxx\\cmake\\debug\\armeabi-v7a reactnativemmkv} ninja: Entering directory `C:\\Users\\The Clone Trooper\\Desktop\\MyApp\\Git\\node_modules\\react-native-mmkv\\android\\.cxx\\cmake\\debug\\armeabi-v7a' [1/38] Building CXX object core/CMakeFiles/core.dir/MMKV_OSX.cpp.o [2/38] Building CXX object core/CMakeFiles/core.dir/CodedInputDataCrypt_OSX.cpp.o [3/38] Building CXX object core/CMakeFiles/core.dir/MMKVLog.cpp.o [4/38] Building CXX object core/CMakeFiles/core.dir/MMKVLog_Android.cpp.o [5/38] Building CXX object core/CMakeFiles/core.dir/CodedInputDataCrypt.cpp.o [6/38] Building CXX object CMakeFiles/reactnativemmkv.dir/src/main/cpp/cpp-adapter.cpp.o [7/38] Building CXX object core/CMakeFiles/core.dir/MMKV_Android.cpp.o [8/38] Building CXX object core/CMakeFiles/core.dir/MMKV.cpp.o [9/38] Building CXX object CMakeFiles/reactnativemmkv.dir/src/main/cpp/MmkvHostObject.cpp.o [10/38] Building CXX object core/CMakeFiles/core.dir/MMKV_IO.cpp.o [11/38] Building CXX object core/CMakeFiles/core.dir/CodedInputData_OSX.cpp.o [12/38] Building CXX object core/CMakeFiles/core.dir/CodedInputData.cpp.o [13/38] Building CXX object core/CMakeFiles/core.dir/MiniPBCoder.cpp.o [14/38] Building CXX object core/CMakeFiles/core.dir/KeyValueHolder.cpp.o [15/38] Building CXX object core/CMakeFiles/core.dir/PBUtility.cpp.o [16/38] Building CXX object core/CMakeFiles/core.dir/MMBuffer.cpp.o [17/38] Building CXX object core/CMakeFiles/core.dir/CodedOutputData.cpp.o [18/38] Building CXX object core/CMakeFiles/core.dir/MiniPBCoder_OSX.cpp.o [19/38] Building CXX object core/CMakeFiles/core.dir/InterProcessLock_Win32.cpp.o [20/38] Building CXX object core/CMakeFiles/core.dir/InterProcessLock_Android.cpp.o [21/38] Building CXX object core/CMakeFiles/core.dir/InterProcessLock.cpp.o [22/38] Building CXX object core/CMakeFiles/core.dir/MemoryFile.cpp.o [23/38] Building CXX object core/CMakeFiles/core.dir/MemoryFile_Win32.cpp.o [24/38] Building CXX object core/CMakeFiles/core.dir/MemoryFile_OSX.cpp.o [25/38] Building CXX object core/CMakeFiles/core.dir/MemoryFile_Android.cpp.o [26/38] Building CXX object core/CMakeFiles/core.dir/ThreadLock.cpp.o [27/38] Building CXX object core/CMakeFiles/core.dir/aes/openssl/openssl_aes_core.cpp.o [28/38] Building CXX object core/CMakeFiles/core.dir/aes/openssl/openssl_md5_one.cpp.o [29/38] Building CXX object core/CMakeFiles/core.dir/ThreadLock_Win32.cpp.o [30/38] Building CXX object core/CMakeFiles/core.dir/aes/openssl/openssl_md5_dgst.cpp.o [31/38] Building CXX object core/CMakeFiles/core.dir/aes/AESCrypt.cpp.o [32/38] Building CXX object core/CMakeFiles/core.dir/aes/openssl/openssl_cfb128.cpp.o [33/38] Building ASM object core/CMakeFiles/core.dir/aes/openssl/openssl_aesv8-armx.S.o [34/38] Building CXX object core/CMakeFiles/core.dir/crc32/crc32_armv8.cpp.o [35/38] Building ASM object core/CMakeFiles/core.dir/aes/openssl/openssl_aes-armv4.S.o [36/38] Building CXX object core/CMakeFiles/core.dir/crc32/zlib/crc32.cpp.o [37/38] Linking CXX static library core\\libcore.a [38/38] Linking CXX shared library ..\\..\\..\\..\\build\\intermediates\\cmake\\debug\\obj\\armeabi-v7a\\libreactnativemmkv.so FAILED: ../../../../build/intermediates/cmake/debug/obj/armeabi-v7a/libreactnativemmkv.so cmd.exe /C \"cd . && E:\\AndroidStudioSDK\\ndk\\21.1.6352462\\toolchains\\llvm\\prebuilt\\windows-x86_64\\bin\\clang++.exe --target=armv7-none-linux-androideabi21 --gcc-toolchain=E:/AndroidStudioSDK/ndk/21.1.6352462/toolchains/llvm/prebuilt/windows-x86_64 --sysroot=E:/AndroidStudioSDK/ndk/21.1.6352462/toolchains/llvm/prebuilt/windows-x86_64/sysroot -fPIC -g -DANDROID -fdata-sections -ffunction-sections -funwind-tables -fstack-protector-strong -no-canonical-prefixes -D_FORTIFY_SOURCE=2 -march=armv7-a -mthumb -Wformat -Werror=format-security -fexceptions -frtti -std=c++1y -DONANDROID -O0 -fno-limit-debug-info -Wl,--exclude-libs,libgcc.a -Wl,--exclude-libs,libgcc_real.a -Wl,--exclude-libs,libatomic.a -Wl,--build-id -Wl,--fatal-warnings -Wl,--exclude-libs,libunwind.a -Wl,--no-undefined -Qunused-arguments -shared -Wl,-soname,libreactnativemmkv.so -o ..\\..\\..\\..\\build\\intermediates\\cmake\\debug\\obj\\armeabi-v7a\\libreactnativemmkv.so CMakeFiles/reactnativemmkv.dir/src/main/cpp/cpp-adapter.cpp.o CMakeFiles/reactnativemmkv.dir/src/main/cpp/MmkvHostObject.cpp.o -LC:/Users/THECLO~1/Desktop/MyApp/Git/NODE_M~1/RE2E13~1/android/build/REACT-~1.AAR/jni/ARMEAB~1 core/libcore.a -llog -lreactnativejni -landroid E:/AndroidStudioSDK/ndk/21.1.6352462/toolchains/llvm/prebuilt/windows-x86_64/sysroot/usr/lib/arm-linux-androideabi/libz.a -latomic -lm && cd .\" ../../../../src/main/cpp/cpp-adapter.cpp:10: error: undefined reference to 'facebook::jsi::Value::asString(facebook::jsi::Runtime&) const &' ../../../../src/main/cpp/cpp-adapter.cpp:11: error: undefined reference to 'facebook::jsi::Value::~Value()' ../../../../src/main/cpp/cpp-adapter.cpp:11: error: undefined reference to 'facebook::jsi::Value::~Value()' ../../../../src/main/cpp/cpp-adapter.cpp:25: error: undefined reference to 'facebook::jsi::Value::asObject(facebook::jsi::Runtime&) const &' ../../../../../../../node_modules/react-native/ReactCommon/jsi\\jsi/jsi.h:1241: error: undefined reference to 'facebook::jsi::JSError::JSError(facebook::jsi::Runtime&, std::__ndk1::basic_string<char, std::__ndk1::char_traits<char>, std::__ndk1::allocator<char> >)' ../../../../../../../node_modules/react-native/ReactCommon/jsi\\jsi/jsi.h:940: error: undefined reference to 'facebook::jsi::Value::~Value()' ../../../../src/main/cpp/MmkvHostObject.h:16: error: undefined reference to 'facebook::jsi::HostObject::~HostObject()' ../../../../../../../node_modules/react-native/ReactCommon/jsi\\jsi/jsi-inl.h:112: error: undefined reference to 'facebook::jsi::Value::~Value()' ../../../../../../../node_modules/react-native/ReactCommon/jsi\\jsi/jsi-inl.h:112: error: undefined reference to 'facebook::jsi::Value::~Value()' ../../../../../../../node_modules/react-native/ReactCommon/jsi\\jsi/jsi.h:966: error: undefined reference to 'facebook::jsi::Value::~Value()' ../../../../src/main/cpp/MmkvHostObject.cpp:22: error: undefined reference to 'facebook::jsi::HostObject::~HostObject()' ../../../../../../../node_modules/react-native/ReactCommon/jsi\\jsi/jsi.h:0: error: undefined reference to 'vtable for facebook::jsi::HostObject' E:/AndroidStudioSDK/ndk/21.1.6352462/toolchains/llvm/prebuilt/windows-x86_64/lib/gcc/arm-linux-androideabi/4.9.x/../../../../arm-linux-androideabi/bin\\ld: the vtable symbol may be undefined because the class is missing its key function ../../../../../../../node_modules/react-native/ReactCommon/jsi\\jsi/jsi.h:940: error: undefined reference to 'facebook::jsi::Value::~Value()' ../../../../../../../node_modules/react-native/ReactCommon/jsi\\jsi/jsi.h:961: error: undefined reference to 'facebook::jsi::Value::~Value()' CMakeFiles/reactnativemmkv.dir/src/main/cpp/MmkvHostObject.cpp.o:MmkvHostObject.cpp:vtable for MmkvHostObject: error: undefined reference to 'facebook::jsi::HostObject::set(facebook::jsi::Runtime&, facebook::jsi::PropNameID const&, facebook::jsi::Value const&)' CMakeFiles/reactnativemmkv.dir/src/main/cpp/MmkvHostObject.cpp.o:MmkvHostObject.cpp:typeinfo for MmkvHostObject: error: undefined reference to 'typeinfo for facebook::jsi::HostObject' clang++: error: linker command failed with exit code 1 (use -v to see invocation) ninja: build stopped: subcommand failed. * Try: Run with --stacktrace option to get the stack trace. Run with --info or --debug option to get more log output. Run with --scan to get full insights. * Get more help at https://help.gradle.org BUILD FAILED in 2m 4s error Failed to install the app. Make sure you have the Android development environment set up: https://reactnative.dev/docs/environment-setup. Run CLI with --verbose flag for more details. Error: Command failed: gradlew.bat app:installDevDebug -PreactNativeDevServerPort=8081 Warning: Mapping new ns http://schemas.android.com/repository/android/common/02 to old ns http://schemas.android.com/repository/android/common/01"
    }
}